Apr 20 2022 11:02:58
{"type":8192,"message":"rtrim(): Passing null to parameter #1 ($string) of type string is deprecated","file":"C:\\xampp\\htdocs\\wordpress\\wp-includes\\formatting.php","line":2761}

Apr 20 2022 11:02:59
{"type":8192,"message":"rtrim(): Passing null to parameter #1 ($string) of type string is deprecated","file":"C:\\xampp\\htdocs\\wordpress\\wp-includes\\formatting.php","line":2761}

Apr 20 2022 11:02:59
{"type":8192,"message":"rtrim(): Passing null to parameter #1 ($string) of type string is deprecated","file":"C:\\xampp\\htdocs\\wordpress\\wp-includes\\formatting.php","line":2761}

Apr 20 2022 11:03:00
{"type":8192,"message":"rtrim(): Passing null to parameter #1 ($string) of type string is deprecated","file":"C:\\xampp\\htdocs\\wordpress\\wp-includes\\formatting.php","line":2761}

Apr 20 2022 11:03:01
{"Number":8192,"Message":"base64_encode(): Passing null to parameter #1 ($string) of type string is deprecated","File":"C:\\xampp\\htdocs\\wordpress\\wp-content\\plugins\\all-in-one-wp-migration\\lib\\model\\export\\class-ai1wm-export-config.php","Line":164}

Apr 20 2022 11:03:01
{"type":8192,"message":"rtrim(): Passing null to parameter #1 ($string) of type string is deprecated","file":"C:\\xampp\\htdocs\\wordpress\\wp-includes\\formatting.php","line":2761}

Apr 20 2022 11:03:02
{"type":8192,"message":"rtrim(): Passing null to parameter #1 ($string) of type string is deprecated","file":"C:\\xampp\\htdocs\\wordpress\\wp-includes\\formatting.php","line":2761}

Apr 20 2022 11:03:03
{"type":8192,"message":"rtrim(): Passing null to parameter #1 ($string) of type string is deprecated","file":"C:\\xampp\\htdocs\\wordpress\\wp-includes\\formatting.php","line":2761}

Apr 20 2022 11:03:03
{"type":8192,"message":"rtrim(): Passing null to parameter #1 ($string) of type string is deprecated","file":"C:\\xampp\\htdocs\\wordpress\\wp-includes\\formatting.php","line":2761}

Apr 20 2022 11:03:04
{"type":8192,"message":"rtrim(): Passing null to parameter #1 ($string) of type string is deprecated","file":"C:\\xampp\\htdocs\\wordpress\\wp-includes\\formatting.php","line":2761}

Apr 20 2022 11:03:06
{"type":8192,"message":"rtrim(): Passing null to parameter #1 ($string) of type string is deprecated","file":"C:\\xampp\\htdocs\\wordpress\\wp-includes\\formatting.php","line":2761}

Apr 20 2022 11:03:06
{"type":8192,"message":"rtrim(): Passing null to parameter #1 ($string) of type string is deprecated","file":"C:\\xampp\\htdocs\\wordpress\\wp-includes\\formatting.php","line":2761}

Apr 20 2022 11:03:07
{"type":8192,"message":"rtrim(): Passing null to parameter #1 ($string) of type string is deprecated","file":"C:\\xampp\\htdocs\\wordpress\\wp-includes\\formatting.php","line":2761}

Apr 20 2022 11:03:08
{"type":8192,"message":"rtrim(): Passing null to parameter #1 ($string) of type string is deprecated","file":"C:\\xampp\\htdocs\\wordpress\\wp-includes\\formatting.php","line":2761}

Apr 20 2022 11:03:09
{"type":8192,"message":"rtrim(): Passing null to parameter #1 ($string) of type string is deprecated","file":"C:\\xampp\\htdocs\\wordpress\\wp-includes\\formatting.php","line":2761}

Apr 20 2022 11:03:10
{"type":8192,"message":"rtrim(): Passing null to parameter #1 ($string) of type string is deprecated","file":"C:\\xampp\\htdocs\\wordpress\\wp-includes\\formatting.php","line":2761}

Apr 20 2022 11:03:10
{"type":8192,"message":"rtrim(): Passing null to parameter #1 ($string) of type string is deprecated","file":"C:\\xampp\\htdocs\\wordpress\\wp-includes\\formatting.php","line":2761}

Apr 20 2022 11:03:14
{"type":8192,"message":"rtrim(): Passing null to parameter #1 ($string) of type string is deprecated","file":"C:\\xampp\\htdocs\\wordpress\\wp-includes\\formatting.php","line":2761}

Apr 20 2022 11:03:18
{"type":8192,"message":"rtrim(): Passing null to parameter #1 ($string) of type string is deprecated","file":"C:\\xampp\\htdocs\\wordpress\\wp-includes\\formatting.php","line":2761}

Apr 20 2022 11:03:21
{"type":8192,"message":"rtrim(): Passing null to parameter #1 ($string) of type string is deprecated","file":"C:\\xampp\\htdocs\\wordpress\\wp-includes\\formatting.php","line":2761}

Apr 20 2022 11:03:22
{"type":8192,"message":"rtrim(): Passing null to parameter #1 ($string) of type string is deprecated","file":"C:\\xampp\\htdocs\\wordpress\\wp-includes\\formatting.php","line":2761}

Apr 20 2022 11:03:26
{"type":8192,"message":"rtrim(): Passing null to parameter #1 ($string) of type string is deprecated","file":"C:\\xampp\\htdocs\\wordpress\\wp-includes\\formatting.php","line":2761}

Apr 20 2022 11:03:30
{"type":8192,"message":"rtrim(): Passing null to parameter #1 ($string) of type string is deprecated","file":"C:\\xampp\\htdocs\\wordpress\\wp-includes\\formatting.php","line":2761}

Apr 20 2022 11:03:32
{"type":8192,"message":"rtrim(): Passing null to parameter #1 ($string) of type string is deprecated","file":"C:\\xampp\\htdocs\\wordpress\\wp-includes\\formatting.php","line":2761}

Apr 20 2022 11:03:33
{"type":8192,"message":"rtrim(): Passing null to parameter #1 ($string) of type string is deprecated","file":"C:\\xampp\\htdocs\\wordpress\\wp-includes\\formatting.php","line":2761}

Apr 20 2022 11:03:37
{"type":8192,"message":"rtrim(): Passing null to parameter #1 ($string) of type string is deprecated","file":"C:\\xampp\\htdocs\\wordpress\\wp-includes\\formatting.php","line":2761}

Apr 20 2022 11:03:40
{"type":8192,"message":"rtrim(): Passing null to parameter #1 ($string) of type string is deprecated","file":"C:\\xampp\\htdocs\\wordpress\\wp-includes\\formatting.php","line":2761}

Apr 20 2022 11:03:41
{"type":8192,"message":"rtrim(): Passing null to parameter #1 ($string) of type string is deprecated","file":"C:\\xampp\\htdocs\\wordpress\\wp-includes\\formatting.php","line":2761}

Apr 20 2022 11:03:44
{"Number":8192,"Message":"Return type of ActionScheduler_DateTime::setTimezone($timezone) should either be compatible with DateTime::setTimezone(DateTimeZone $timezone): DateTime, or the #[\\ReturnTypeWillChange] attribute should be used to temporarily suppress the notice","File":"C:\\xampp\\htdocs\\wordpress\\wp-content\\plugins\\wpforms-lite\\vendor\\woocommerce\\action-scheduler\\classes\\ActionScheduler_DateTime.php","Line":60}

Apr 20 2022 11:03:44
{"Number":8192,"Message":"Return type of ActionScheduler_DateTime::getOffset() should either be compatible with DateTime::getOffset(): int, or the #[\\ReturnTypeWillChange] attribute should be used to temporarily suppress the notice","File":"C:\\xampp\\htdocs\\wordpress\\wp-content\\plugins\\wpforms-lite\\vendor\\woocommerce\\action-scheduler\\classes\\ActionScheduler_DateTime.php","Line":48}

Apr 20 2022 11:03:44
{"Number":8192,"Message":"Return type of ActionScheduler_DateTime::getTimestamp() should either be compatible with DateTime::getTimestamp(): int, or the #[\\ReturnTypeWillChange] attribute should be used to temporarily suppress the notice","File":"C:\\xampp\\htdocs\\wordpress\\wp-content\\plugins\\wpforms-lite\\vendor\\woocommerce\\action-scheduler\\classes\\ActionScheduler_DateTime.php","Line":27}

Apr 20 2022 11:03:44
{"Number":8192,"Message":"DateTime::__construct(): Passing null to parameter #1 ($datetime) of type string is deprecated","File":"C:\\xampp\\htdocs\\wordpress\\wp-content\\plugins\\wpforms-lite\\vendor\\woocommerce\\action-scheduler\\functions.php","Line":316}

Apr 20 2022 11:03:44
{"type":8192,"message":"rtrim(): Passing null to parameter #1 ($string) of type string is deprecated","file":"C:\\xampp\\htdocs\\wordpress\\wp-includes\\formatting.php","line":2761}

Apr 20 2022 11:03:46
{"type":8192,"message":"rtrim(): Passing null to parameter #1 ($string) of type string is deprecated","file":"C:\\xampp\\htdocs\\wordpress\\wp-includes\\formatting.php","line":2761}

Apr 20 2022 11:03:46
{"Number":8192,"Message":"Return type of ActionScheduler_DateTime::setTimezone($timezone) should either be compatible with DateTime::setTimezone(DateTimeZone $timezone): DateTime, or the #[\\ReturnTypeWillChange] attribute should be used to temporarily suppress the notice","File":"C:\\xampp\\htdocs\\wordpress\\wp-content\\plugins\\wpforms-lite\\vendor\\woocommerce\\action-scheduler\\classes\\ActionScheduler_DateTime.php","Line":60}

Apr 20 2022 11:03:46
{"Number":8192,"Message":"Return type of ActionScheduler_DateTime::getOffset() should either be compatible with DateTime::getOffset(): int, or the #[\\ReturnTypeWillChange] attribute should be used to temporarily suppress the notice","File":"C:\\xampp\\htdocs\\wordpress\\wp-content\\plugins\\wpforms-lite\\vendor\\woocommerce\\action-scheduler\\classes\\ActionScheduler_DateTime.php","Line":48}

Apr 20 2022 11:03:46
{"Number":8192,"Message":"Return type of ActionScheduler_DateTime::getTimestamp() should either be compatible with DateTime::getTimestamp(): int, or the #[\\ReturnTypeWillChange] attribute should be used to temporarily suppress the notice","File":"C:\\xampp\\htdocs\\wordpress\\wp-content\\plugins\\wpforms-lite\\vendor\\woocommerce\\action-scheduler\\classes\\ActionScheduler_DateTime.php","Line":27}

Apr 20 2022 11:03:46
{"Number":8192,"Message":"DateTime::__construct(): Passing null to parameter #1 ($datetime) of type string is deprecated","File":"C:\\xampp\\htdocs\\wordpress\\wp-content\\plugins\\wpforms-lite\\vendor\\woocommerce\\action-scheduler\\functions.php","Line":316}

Apr 20 2022 11:03:46
{"type":8192,"message":"rtrim(): Passing null to parameter #1 ($string) of type string is deprecated","file":"C:\\xampp\\htdocs\\wordpress\\wp-includes\\formatting.php","line":2761}

Apr 20 2022 11:03:46
{"type":8192,"message":"rtrim(): Passing null to parameter #1 ($string) of type string is deprecated","file":"C:\\xampp\\htdocs\\wordpress\\wp-includes\\formatting.php","line":2761}

Apr 20 2022 11:03:47
{"type":8192,"message":"rtrim(): Passing null to parameter #1 ($string) of type string is deprecated","file":"C:\\xampp\\htdocs\\wordpress\\wp-includes\\formatting.php","line":2761}

Apr 20 2022 11:03:48
{"type":8192,"message":"rtrim(): Passing null to parameter #1 ($string) of type string is deprecated","file":"C:\\xampp\\htdocs\\wordpress\\wp-includes\\formatting.php","line":2761}

Apr 20 2022 11:03:50
{"type":8192,"message":"rtrim(): Passing null to parameter #1 ($string) of type string is deprecated","file":"C:\\xampp\\htdocs\\wordpress\\wp-includes\\formatting.php","line":2761}

Apr 20 2022 12:45:17
{"type":8192,"message":"rtrim(): Passing null to parameter #1 ($string) of type string is deprecated","file":"C:\\xampp\\htdocs\\wordpress\\wp-includes\\formatting.php","line":2761}

